# JRE version: Java(TM) SE Runtime Environment (8.0_74-b02) (build 1.8.0_74-b02)
# Java VM: Java HotSpot(TM) 64-Bit Server VM (25.74-b02 mixed mode windows-amd64 compressed oops)
Heap:
 PSYoungGen      total 153088K, used 56307K [0x00000000f5580000, 0x0000000100000000, 0x0000000100000000)
  eden space 131584K, 42% used [0x00000000f5580000,0x00000000f8c7cc90,0x00000000fd600000)
  from space 21504K, 0% used [0x00000000feb00000,0x00000000feb00000,0x0000000100000000)
  to   space 21504K, 0% used [0x00000000fd600000,0x00000000fd600000,0x00000000feb00000)
 ParOldGen       total 349696K, used 9991K [0x00000000e0000000, 0x00000000f5580000, 0x00000000f5580000)
  object space 349696K, 2% used [0x00000000e0000000,0x00000000e09c1c98,0x00000000f5580000)
 Metaspace       used 24456K, capacity 24868K, committed 24960K, reserved 1071104K
  class space    used 3011K, capacity 3113K, committed 3200K, reserved 1048576K
GC Heap History (6 events):
Event: 2.034 GC heap before
{Heap before GC invocations=1 (full 0):
 PSYoungGen      total 153088K, used 131584K [0x00000000f5580000, 0x0000000100000000, 0x0000000100000000)
  eden space 131584K, 100% used [0x00000000f5580000,0x00000000fd600000,0x00000000fd600000)
  from space 21504K, 0% used [0x00000000feb00000,0x00000000feb00000,0x0000000100000000)
  to   space 21504K, 0% used [0x00000000fd600000,0x00000000fd600000,0x00000000feb00000)
 ParOldGen       total 349696K, used 0K [0x00000000e0000000, 0x00000000f5580000, 0x00000000f5580000)
  object space 349696K, 0% used [0x00000000e0000000,0x00000000e0000000,0x00000000f5580000)
 Metaspace       used 15342K, capacity 15534K, committed 15616K, reserved 1062912K
  class space    used 1925K, capacity 1977K, committed 2048K, reserved 1048576K
Event: 2.052 GC heap after
Heap after GC invocations=1 (full 0):
 PSYoungGen      total 153088K, used 12401K [0x00000000f5580000, 0x0000000100000000, 0x0000000100000000)
  eden space 131584K, 0% used [0x00000000f5580000,0x00000000f5580000,0x00000000fd600000)
  from space 21504K, 57% used [0x00000000fd600000,0x00000000fe21c488,0x00000000feb00000)
  to   space 21504K, 0% used [0x00000000feb00000,0x00000000feb00000,0x0000000100000000)
 ParOldGen       total 349696K, used 80K [0x00000000e0000000, 0x00000000f5580000, 0x00000000f5580000)
  object space 349696K, 0% used [0x00000000e0000000,0x00000000e0014010,0x00000000f5580000)
 Metaspace       used 15342K, capacity 15534K, committed 15616K, reserved 1062912K
  class space    used 1925K, capacity 1977K, committed 2048K, reserved 1048576K
}
Event: 2.445 GC heap before
{Heap before GC invocations=2 (full 0):
 PSYoungGen      total 153088K, used 70026K [0x00000000f5580000, 0x0000000100000000, 0x0000000100000000)
  eden space 131584K, 43% used [0x00000000f5580000,0x00000000f8dc64f0,0x00000000fd600000)
  from space 21504K, 57% used [0x00000000fd600000,0x00000000fe21c488,0x00000000feb00000)
  to   space 21504K, 0% used [0x00000000feb00000,0x00000000feb00000,0x0000000100000000)
 ParOldGen       total 349696K, used 80K [0x00000000e0000000, 0x00000000f5580000, 0x00000000f5580000)
  object space 349696K, 0% used [0x00000000e0000000,0x00000000e0014010,0x00000000f5580000)
 Metaspace       used 21039K, capacity 21198K, committed 21296K, reserved 1069056K
  class space    used 2620K, capacity 2672K, committed 2688K, reserved 1048576K
Event: 2.461 GC heap after
Heap after GC invocations=2 (full 0):
 PSYoungGen      total 153088K, used 10296K [0x00000000f5580000, 0x0000000100000000, 0x0000000100000000)
  eden space 131584K, 0% used [0x00000000f5580000,0x00000000f5580000,0x00000000fd600000)
  from space 21504K, 47% used [0x00000000feb00000,0x00000000ff50e320,0x0000000100000000)
  to   space 21504K, 0% used [0x00000000fd600000,0x00000000fd600000,0x00000000feb00000)
 ParOldGen       total 349696K, used 88K [0x00000000e0000000, 0x00000000f5580000, 0x00000000f5580000)
  object space 349696K, 0% used [0x00000000e0000000,0x00000000e0016010,0x00000000f5580000)
 Metaspace       used 21039K, capacity 21198K, committed 21296K, reserved 1069056K
  class space    used 2620K, capacity 2672K, committed 2688K, reserved 1048576K
}
Event: 2.461 GC heap before
{Heap before GC invocations=3 (full 1):
 PSYoungGen      total 153088K, used 10296K [0x00000000f5580000, 0x0000000100000000, 0x0000000100000000)
  eden space 131584K, 0% used [0x00000000f5580000,0x00000000f5580000,0x00000000fd600000)
  from space 21504K, 47% used [0x00000000feb00000,0x00000000ff50e320,0x0000000100000000)
  to   space 21504K, 0% used [0x00000000fd600000,0x00000000fd600000,0x00000000feb00000)
 ParOldGen       total 349696K, used 88K [0x00000000e0000000, 0x00000000f5580000, 0x00000000f5580000)
  object space 349696K, 0% used [0x00000000e0000000,0x00000000e0016010,0x00000000f5580000)
 Metaspace       used 21039K, capacity 21198K, committed 21296K, reserved 1069056K
  class space    used 2620K, capacity 2672K, committed 2688K, reserved 1048576K
Event: 2.496 GC heap after
Heap after GC invocations=3 (full 1):
 PSYoungGen      total 153088K, used 0K [0x00000000f5580000, 0x0000000100000000, 0x0000000100000000)
  eden space 131584K, 0% used [0x00000000f5580000,0x00000000f5580000,0x00000000fd600000)
  from space 21504K, 0% used [0x00000000feb00000,0x00000000feb00000,0x0000000100000000)
  to   space 21504K, 0% used [0x00000000fd600000,0x00000000fd600000,0x00000000feb00000)
 ParOldGen       total 349696K, used 9991K [0x00000000e0000000, 0x00000000f5580000, 0x00000000f5580000)
  object space 349696K, 2% used [0x00000000e0000000,0x00000000e09c1c98,0x00000000f5580000)
 Metaspace       used 21039K, capacity 21198K, committed 21296K, reserved 1069056K
  class space    used 2620K, capacity 2672K, committed 2688K, reserved 1048576K
}

