# JRE version: Java(TM) SE Runtime Environment (8.0_91-b14) (build 1.8.0_91-b14)
# Java VM: Java HotSpot(TM) 64-Bit Server VM (25.91-b14 mixed mode windows-amd64 compressed oops)
Heap:
 PSYoungGen      total 678912K, used 408357K [0x00000000d5d00000, 0x0000000100000000, 0x0000000100000000)
  eden space 666624K, 59% used [0x00000000d5d00000,0x00000000edfcac50,0x00000000fe800000)
  from space 12288K, 99% used [0x00000000fe800000,0x00000000ff3feb20,0x00000000ff400000)
  to   space 12288K, 0% used [0x00000000ff400000,0x00000000ff400000,0x0000000100000000)
 ParOldGen       total 157184K, used 89165K [0x0000000081600000, 0x000000008af80000, 0x00000000d5d00000)
  object space 157184K, 56% used [0x0000000081600000,0x0000000086d13528,0x000000008af80000)
 Metaspace       used 71261K, capacity 73906K, committed 74240K, reserved 1114112K
  class space    used 9863K, capacity 10378K, committed 10496K, reserved 1048576K
GC Heap History (10 events):
Event: 9.026 GC heap before
{Heap before GC invocations=18 (full 2):
 PSYoungGen      total 582144K, used 582122K [0x00000000d5d00000, 0x00000000ffc00000, 0x0000000100000000)
  eden space 573952K, 100% used [0x00000000d5d00000,0x00000000f8d80000,0x00000000f8d80000)
  from space 8192K, 99% used [0x00000000f8d80000,0x00000000f957a8f8,0x00000000f9580000)
  to   space 10752K, 0% used [0x00000000ff180000,0x00000000ff180000,0x00000000ffc00000)
 ParOldGen       total 104960K, used 26402K [0x0000000081600000, 0x0000000087c80000, 0x00000000d5d00000)
  object space 104960K, 25% used [0x0000000081600000,0x0000000082fc8840,0x0000000087c80000)
 Metaspace       used 50385K, capacity 51238K, committed 51584K, reserved 1093632K
  class space    used 7552K, capacity 7710K, committed 7808K, reserved 1048576K
Event: 9.047 GC heap after
Heap after GC invocations=18 (full 2):
 PSYoungGen      total 676864K, used 5088K [0x00000000d5d00000, 0x0000000100000000, 0x0000000100000000)
  eden space 666112K, 0% used [0x00000000d5d00000,0x00000000d5d00000,0x00000000fe780000)
  from space 10752K, 47% used [0x00000000ff180000,0x00000000ff678020,0x00000000ffc00000)
  to   space 10240K, 0% used [0x00000000fe780000,0x00000000fe780000,0x00000000ff180000)
 ParOldGen       total 104960K, used 34349K [0x0000000081600000, 0x0000000087c80000, 0x00000000d5d00000)
  object space 104960K, 32% used [0x0000000081600000,0x000000008378b768,0x0000000087c80000)
 Metaspace       used 50385K, capacity 51238K, committed 51584K, reserved 1093632K
  class space    used 7552K, capacity 7710K, committed 7808K, reserved 1048576K
}
Event: 10.498 GC heap before
{Heap before GC invocations=19 (full 2):
 PSYoungGen      total 676864K, used 671200K [0x00000000d5d00000, 0x0000000100000000, 0x0000000100000000)
  eden space 666112K, 100% used [0x00000000d5d00000,0x00000000fe780000,0x00000000fe780000)
  from space 10752K, 47% used [0x00000000ff180000,0x00000000ff678020,0x00000000ffc00000)
  to   space 10240K, 0% used [0x00000000fe780000,0x00000000fe780000,0x00000000ff180000)
 ParOldGen       total 104960K, used 34349K [0x0000000081600000, 0x0000000087c80000, 0x00000000d5d00000)
  object space 104960K, 32% used [0x0000000081600000,0x000000008378b768,0x0000000087c80000)
 Metaspace       used 55316K, capacity 56212K, committed 56576K, reserved 1097728K
  class space    used 8153K, capacity 8341K, committed 8448K, reserved 1048576K
Event: 10.520 GC heap after
Heap after GC invocations=19 (full 2):
 PSYoungGen      total 676352K, used 10208K [0x00000000d5d00000, 0x0000000100000000, 0x0000000100000000)
  eden space 666112K, 0% used [0x00000000d5d00000,0x00000000d5d00000,0x00000000fe780000)
  from space 10240K, 99% used [0x00000000fe780000,0x00000000ff178040,0x00000000ff180000)
  to   space 12288K, 0% used [0x00000000ff400000,0x00000000ff400000,0x0000000100000000)
 ParOldGen       total 104960K, used 35677K [0x0000000081600000, 0x0000000087c80000, 0x00000000d5d00000)
  object space 104960K, 33% used [0x0000000081600000,0x00000000838d7768,0x0000000087c80000)
 Metaspace       used 55316K, capacity 56212K, committed 56576K, reserved 1097728K
  class space    used 8153K, capacity 8341K, committed 8448K, reserved 1048576K
}
Event: 66.126 GC heap before
{Heap before GC invocations=20 (full 2):
 PSYoungGen      total 676352K, used 139622K [0x00000000d5d00000, 0x0000000100000000, 0x0000000100000000)
  eden space 666112K, 19% used [0x00000000d5d00000,0x00000000ddb61a50,0x00000000fe780000)
  from space 10240K, 99% used [0x00000000fe780000,0x00000000ff178040,0x00000000ff180000)
  to   space 12288K, 0% used [0x00000000ff400000,0x00000000ff400000,0x0000000100000000)
 ParOldGen       total 104960K, used 35677K [0x0000000081600000, 0x0000000087c80000, 0x00000000d5d00000)
  object space 104960K, 33% used [0x0000000081600000,0x00000000838d7768,0x0000000087c80000)
 Metaspace       used 58116K, capacity 58968K, committed 59136K, reserved 1099776K
  class space    used 8456K, capacity 8663K, committed 8704K, reserved 1048576K
Event: 66.141 GC heap after
Heap after GC invocations=20 (full 2):
 PSYoungGen      total 678912K, used 1488K [0x00000000d5d00000, 0x0000000100000000, 0x0000000100000000)
  eden space 666624K, 0% used [0x00000000d5d00000,0x00000000d5d00000,0x00000000fe800000)
  from space 12288K, 12% used [0x00000000ff400000,0x00000000ff574070,0x0000000100000000)
  to   space 12288K, 0% used [0x00000000fe800000,0x00000000fe800000,0x00000000ff400000)
 ParOldGen       total 104960K, used 44843K [0x0000000081600000, 0x0000000087c80000, 0x00000000d5d00000)
  object space 104960K, 42% used [0x0000000081600000,0x00000000841cadd8,0x0000000087c80000)
 Metaspace       used 58116K, capacity 58968K, committed 59136K, reserved 1099776K
  class space    used 8456K, capacity 8663K, committed 8704K, reserved 1048576K
}
Event: 66.141 GC heap before
{Heap before GC invocations=21 (full 3):
 PSYoungGen      total 678912K, used 1488K [0x00000000d5d00000, 0x0000000100000000, 0x0000000100000000)
  eden space 666624K, 0% used [0x00000000d5d00000,0x00000000d5d00000,0x00000000fe800000)
  from space 12288K, 12% used [0x00000000ff400000,0x00000000ff574070,0x0000000100000000)
  to   space 12288K, 0% used [0x00000000fe800000,0x00000000fe800000,0x00000000ff400000)
 ParOldGen       total 104960K, used 44843K [0x0000000081600000, 0x0000000087c80000, 0x00000000d5d00000)
  object space 104960K, 42% used [0x0000000081600000,0x00000000841cadd8,0x0000000087c80000)
 Metaspace       used 58116K, capacity 58968K, committed 59136K, reserved 1099776K
  class space    used 8456K, capacity 8663K, committed 8704K, reserved 1048576K
Event: 66.353 GC heap after
Heap after GC invocations=21 (full 3):
 PSYoungGen      total 678912K, used 0K [0x00000000d5d00000, 0x0000000100000000, 0x0000000100000000)
  eden space 666624K, 0% used [0x00000000d5d00000,0x00000000d5d00000,0x00000000fe800000)
  from space 12288K, 0% used [0x00000000ff400000,0x00000000ff400000,0x0000000100000000)
  to   space 12288K, 0% used [0x00000000fe800000,0x00000000fe800000,0x00000000ff400000)
 ParOldGen       total 157184K, used 39767K [0x0000000081600000, 0x000000008af80000, 0x00000000d5d00000)
  object space 157184K, 25% used [0x0000000081600000,0x0000000083cd5e78,0x000000008af80000)
 Metaspace       used 58116K, capacity 58968K, committed 59136K, reserved 1099776K
  class space    used 8456K, capacity 8663K, committed 8704K, reserved 1048576K
}
Event: 1053.858 GC heap before
{Heap before GC invocations=22 (full 3):
 PSYoungGen      total 678912K, used 666624K [0x00000000d5d00000, 0x0000000100000000, 0x0000000100000000)
  eden space 666624K, 100% used [0x00000000d5d00000,0x00000000fe800000,0x00000000fe800000)
  from space 12288K, 0% used [0x00000000ff400000,0x00000000ff400000,0x0000000100000000)
  to   space 12288K, 0% used [0x00000000fe800000,0x00000000fe800000,0x00000000ff400000)
 ParOldGen       total 157184K, used 39767K [0x0000000081600000, 0x000000008af80000, 0x00000000d5d00000)
  object space 157184K, 25% used [0x0000000081600000,0x0000000083cd5e78,0x000000008af80000)
 Metaspace       used 70670K, capacity 73318K, committed 73472K, reserved 1112064K
  class space    used 9859K, capacity 10376K, committed 10496K, reserved 1048576K
Event: 1053.930 GC heap after
Heap after GC invocations=22 (full 3):
 PSYoungGen      total 678912K, used 12282K [0x00000000d5d00000, 0x0000000100000000, 0x0000000100000000)
  eden space 666624K, 0% used [0x00000000d5d00000,0x00000000d5d00000,0x00000000fe800000)
  from space 12288K, 99% used [0x00000000fe800000,0x00000000ff3feb20,0x00000000ff400000)
  to   space 12288K, 0% used [0x00000000ff400000,0x00000000ff400000,0x0000000100000000)
 ParOldGen       total 157184K, used 89165K [0x0000000081600000, 0x000000008af80000, 0x00000000d5d00000)
  object space 157184K, 56% used [0x0000000081600000,0x0000000086d13528,0x000000008af80000)
 Metaspace       used 70670K, capacity 73318K, committed 73472K, reserved 1112064K
  class space    used 9859K, capacity 10376K, committed 10496K, reserved 1048576K
}

